

Started GET "/" for 127.0.0.1 at 2011-02-02 19:59:57 -0800
  Processing by SearchesController#index as HTML
Completed   in 8ms

ActiveRecord::StatementInvalid (Could not find table 'sunspot_searches'):
  app/controllers/searches_controller.rb:3:in `new'
  app/controllers/searches_controller.rb:3:in `index'

Rendered /Users/adam/.rvm/gems/ruby-1.9.2-p136@solar_search/gems/actionpack-3.0.3/lib/action_dispatch/middleware/templates/rescues/_trace.erb (0.8ms)
Rendered /Users/adam/.rvm/gems/ruby-1.9.2-p136@solar_search/gems/actionpack-3.0.3/lib/action_dispatch/middleware/templates/rescues/_request_and_response.erb (2.7ms)
Rendered /Users/adam/.rvm/gems/ruby-1.9.2-p136@solar_search/gems/actionpack-3.0.3/lib/action_dispatch/middleware/templates/rescues/diagnostics.erb within rescues/layout (6.3ms)
  [1m[36mSQL (0.2ms)[0m  [1m SELECT name
 FROM sqlite_master
 WHERE type = 'table' AND NOT name = 'sqlite_sequence'
[0m
  [1m[35mSQL (0.1ms)[0m  select sqlite_version(*)
  [1m[36mSQL (1.9ms)[0m  [1mCREATE TABLE "schema_migrations" ("version" varchar(255) NOT NULL) [0m
  [1m[35mSQL (0.0ms)[0m  PRAGMA index_list("schema_migrations")
  [1m[36mSQL (1.6ms)[0m  [1mCREATE UNIQUE INDEX "unique_schema_migrations" ON "schema_migrations" ("version")[0m
  [1m[35mSQL (0.1ms)[0m   SELECT name
 FROM sqlite_master
 WHERE type = 'table' AND NOT name = 'sqlite_sequence'
  [1m[36mSQL (0.1ms)[0m  [1m SELECT name
 FROM sqlite_master
 WHERE type = 'table' AND NOT name = 'sqlite_sequence'
[0m
  [1m[35mSQL (0.1ms)[0m  SELECT "schema_migrations"."version" FROM "schema_migrations"
Migrating to CreateSunspotSearches (20110203030951)
  [1m[36mSQL (0.3ms)[0m  [1mCREATE TABLE "sunspot_searches" ("id" INTEGER PRIMARY KEY AUTOINCREMENT NOT NULL, "name" varchar(255), "keywords" varchar(255), "sort_by" varchar(255), "sort_direction" varchar(255), "per_page" varchar(255), "fields" text, "conditions" text, "type" varchar(255), "created_at" datetime, "updated_at" datetime) [0m
  [1m[35mSQL (0.1ms)[0m  INSERT INTO "schema_migrations" ("version") VALUES ('20110203030951')
  [1m[36mSQL (0.1ms)[0m  [1m SELECT name
 FROM sqlite_master
 WHERE type = 'table' AND NOT name = 'sqlite_sequence'
[0m
  [1m[35mSQL (0.1ms)[0m  SELECT "schema_migrations"."version" FROM "schema_migrations"
  [1m[36mSQL (0.1ms)[0m  [1m SELECT name
 FROM sqlite_master
 WHERE type = 'table' AND NOT name = 'sqlite_sequence'
[0m
  [1m[35mSQL (0.0ms)[0m  PRAGMA index_list("sunspot_searches")


Started GET "/" for 127.0.0.1 at 2011-02-02 20:00:22 -0800
  Processing by SearchesController#index as HTML
Rendered searches/index.html.haml within layouts/application (9.2ms)
Completed   in 24ms

ActionView::Template::Error (undefined local variable or method `customers_path' for #<#<Class:0x00000102db6f48>:0x00000102da9fa0>):
    1: = link_to 'Home', root_path 
    2: 
    3: #basic-form
    4:   = sunspot_search_form_for(@search, :url => customers_path, :html => {:method => :get}) do |form| 
    5:     = form.inputs do 
    6:       = form.keywords 
    7: 
  app/views/searches/index.html.haml:4:in `_app_views_searches_index_html_haml__1934635400145459951_2171417780__1840314687205721491'

Rendered /Users/adam/.rvm/gems/ruby-1.9.2-p136@solar_search/gems/actionpack-3.0.3/lib/action_dispatch/middleware/templates/rescues/_trace.erb (0.8ms)
Rendered /Users/adam/.rvm/gems/ruby-1.9.2-p136@solar_search/gems/actionpack-3.0.3/lib/action_dispatch/middleware/templates/rescues/_request_and_response.erb (2.5ms)
Rendered /Users/adam/.rvm/gems/ruby-1.9.2-p136@solar_search/gems/actionpack-3.0.3/lib/action_dispatch/middleware/templates/rescues/template_error.erb within rescues/layout (6.1ms)


Started GET "/" for 127.0.0.1 at 2011-02-02 20:00:43 -0800
  Processing by SearchesController#index as HTML
Rendered searches/index.html.haml within layouts/application (3.7ms)
Completed   in 13ms

ActionView::Template::Error (undefined method `condition_attributes' for nil:NilClass):
    1: = link_to 'Home', root_path 
    2: 
    3: #basic-form
    4:   = sunspot_search_form_for(@search, :url => searches_path, :html => {:method => :get}) do |form| 
    5:     = form.inputs do 
    6:       = form.keywords 
    7: 
  app/views/searches/index.html.haml:4:in `_app_views_searches_index_html_haml__1934635400145459951_2185278960__1840314687205721491'

Rendered /Users/adam/.rvm/gems/ruby-1.9.2-p136@solar_search/gems/actionpack-3.0.3/lib/action_dispatch/middleware/templates/rescues/_trace.erb (0.8ms)
Rendered /Users/adam/.rvm/gems/ruby-1.9.2-p136@solar_search/gems/actionpack-3.0.3/lib/action_dispatch/middleware/templates/rescues/_request_and_response.erb (2.7ms)
Rendered /Users/adam/.rvm/gems/ruby-1.9.2-p136@solar_search/gems/actionpack-3.0.3/lib/action_dispatch/middleware/templates/rescues/template_error.erb within rescues/layout (6.1ms)


Started GET "/" for 127.0.0.1 at 2011-02-02 20:00:45 -0800
  Processing by SearchesController#index as HTML
Rendered searches/index.html.haml within layouts/application (3.6ms)
Completed   in 13ms

ActionView::Template::Error (undefined method `condition_attributes' for nil:NilClass):
    1: = link_to 'Home', root_path 
    2: 
    3: #basic-form
    4:   = sunspot_search_form_for(@search, :url => searches_path, :html => {:method => :get}) do |form| 
    5:     = form.inputs do 
    6:       = form.keywords 
    7: 
  app/views/searches/index.html.haml:4:in `_app_views_searches_index_html_haml__1934635400145459951_2152184620__1840314687205721491'

Rendered /Users/adam/.rvm/gems/ruby-1.9.2-p136@solar_search/gems/actionpack-3.0.3/lib/action_dispatch/middleware/templates/rescues/_trace.erb (0.9ms)
Rendered /Users/adam/.rvm/gems/ruby-1.9.2-p136@solar_search/gems/actionpack-3.0.3/lib/action_dispatch/middleware/templates/rescues/_request_and_response.erb (20.6ms)
Rendered /Users/adam/.rvm/gems/ruby-1.9.2-p136@solar_search/gems/actionpack-3.0.3/lib/action_dispatch/middleware/templates/rescues/template_error.erb within rescues/layout (24.4ms)


Started GET "/" for 127.0.0.1 at 2011-02-02 20:03:41 -0800
  Processing by SearchesController#index as HTML
Rendered searches/index.html.haml within layouts/application (51.8ms)
Completed 200 OK in 66ms (Views: 54.9ms | ActiveRecord: 0.0ms)


Started GET "/" for 127.0.0.1 at 2011-02-02 20:04:26 -0800
  Processing by SearchesController#index as HTML
Rendered searches/index.html.haml within layouts/application (35.4ms)
Completed 200 OK in 54ms (Views: 38.4ms | ActiveRecord: 0.0ms)


Started GET "/" for 127.0.0.1 at 2011-02-02 20:04:29 -0800
  Processing by SearchesController#index as HTML
Rendered searches/index.html.haml within layouts/application (40.4ms)
Completed 200 OK in 50ms (Views: 43.3ms | ActiveRecord: 0.0ms)


Started GET "/" for 127.0.0.1 at 2011-02-02 20:05:13 -0800
  Processing by SearchesController#index as HTML
Rendered searches/index.html.haml within layouts/application (23.4ms)
Completed 200 OK in 34ms (Views: 26.4ms | ActiveRecord: 0.0ms)


Started GET "/" for 127.0.0.1 at 2011-02-02 20:05:48 -0800
  Processing by SearchesController#index as HTML
Rendered searches/index.html.haml within layouts/application (40.9ms)
Completed 200 OK in 51ms (Views: 43.9ms | ActiveRecord: 0.0ms)


Started GET "/searches?utf8=%E2%9C%93&basic_search%5Bkeywords%5D=&basic_search%5Bfields%5D%5B%5D=&basic_search%5Bconditions_attributes%5D%5B0%5D%5Battribute%5D=&basic_search%5Bconditions_attributes%5D%5B0%5D%5Boperator%5D=&basic_search%5Bconditions_attributes%5D%5B0%5D%5Btype%5D=&basic_search%5Bconditions_attributes%5D%5B0%5D%5Bvalue%5D=&basic_search%5Bconditions_attributes%5D%5B0%5D%5Bchoices%5D=&commit=Add+Condition&basic_search%5Bsort_by%5D=sort_name&basic_search%5Bper_page%5D=" for 127.0.0.1 at 2011-02-02 20:05:51 -0800
  Processing by SearchesController#index as HTML
  Parameters: {"utf8"=>"✓", "basic_search"=>{"keywords"=>"", "fields"=>[""], "conditions_attributes"=>{"0"=>{"attribute"=>"", "operator"=>"", "type"=>"", "value"=>"", "choices"=>""}}, "sort_by"=>"sort_name", "per_page"=>""}, "commit"=>"Add Condition"}
Rendered searches/index.html.haml within layouts/application (43.3ms)
Completed 200 OK in 53ms (Views: 46.2ms | ActiveRecord: 0.0ms)


Started GET "/searches?utf8=%E2%9C%93&basic_search%5Bkeywords%5D=&basic_search%5Bfields%5D%5B%5D=&basic_search%5Bconditions_attributes%5D%5B0%5D%5Battribute%5D=&basic_search%5Bconditions_attributes%5D%5B0%5D%5Boperator%5D=&basic_search%5Bconditions_attributes%5D%5B0%5D%5Btype%5D=&basic_search%5Bconditions_attributes%5D%5B0%5D%5Bvalue%5D=&basic_search%5Bconditions_attributes%5D%5B0%5D%5Bchoices%5D=&commit=Add+Condition&basic_search%5Bsort_by%5D=sort_name&basic_search%5Bper_page%5D=" for 127.0.0.1 at 2011-02-02 20:06:18 -0800
  Processing by SearchesController#index as HTML
  Parameters: {"utf8"=>"✓", "basic_search"=>{"keywords"=>"", "fields"=>[""], "conditions_attributes"=>{"0"=>{"attribute"=>"", "operator"=>"", "type"=>"", "value"=>"", "choices"=>""}}, "sort_by"=>"sort_name", "per_page"=>""}, "commit"=>"Add Condition"}
Rendered searches/index.html.haml within layouts/application (22.6ms)
Completed 200 OK in 33ms (Views: 25.7ms | ActiveRecord: 0.0ms)


Started GET "/searches?utf8=%E2%9C%93&basic_search%5Bkeywords%5D=&basic_search%5Bfields%5D%5B%5D=&basic_search%5Bconditions_attributes%5D%5B0%5D%5Battribute%5D=&basic_search%5Bconditions_attributes%5D%5B0%5D%5Boperator%5D=&basic_search%5Bconditions_attributes%5D%5B0%5D%5Btype%5D=&basic_search%5Bconditions_attributes%5D%5B0%5D%5Bvalue%5D=&basic_search%5Bconditions_attributes%5D%5B0%5D%5Bchoices%5D=&commit=Add+Condition&basic_search%5Bsort_by%5D=sort_name&basic_search%5Bper_page%5D=" for 127.0.0.1 at 2011-02-02 20:06:24 -0800
  Processing by SearchesController#index as HTML
  Parameters: {"utf8"=>"✓", "basic_search"=>{"keywords"=>"", "fields"=>[""], "conditions_attributes"=>{"0"=>{"attribute"=>"", "operator"=>"", "type"=>"", "value"=>"", "choices"=>""}}, "sort_by"=>"sort_name", "per_page"=>""}, "commit"=>"Add Condition"}
Rendered searches/index.html.haml within layouts/application (22.9ms)
Completed 200 OK in 34ms (Views: 25.9ms | ActiveRecord: 0.0ms)


Started GET "/searches?utf8=%E2%9C%93&basic_search%5Bkeywords%5D=&basic_search%5Bfields%5D%5B%5D=&basic_search%5Bconditions_attributes%5D%5B0%5D%5Battribute%5D=&basic_search%5Bconditions_attributes%5D%5B0%5D%5Boperator%5D=&basic_search%5Bconditions_attributes%5D%5B0%5D%5Btype%5D=&basic_search%5Bconditions_attributes%5D%5B0%5D%5Bvalue%5D=&basic_search%5Bconditions_attributes%5D%5B0%5D%5Bchoices%5D=&commit=Add+Condition&basic_search%5Bsort_by%5D=sort_name&basic_search%5Bper_page%5D=" for 127.0.0.1 at 2011-02-02 20:06:31 -0800
  Processing by SearchesController#index as HTML
  Parameters: {"utf8"=>"✓", "basic_search"=>{"keywords"=>"", "fields"=>[""], "conditions_attributes"=>{"0"=>{"attribute"=>"", "operator"=>"", "type"=>"", "value"=>"", "choices"=>""}}, "sort_by"=>"sort_name", "per_page"=>""}, "commit"=>"Add Condition"}
Rendered searches/index.html.haml within layouts/application (22.3ms)
Completed 200 OK in 51ms (Views: 25.3ms | ActiveRecord: 0.0ms)


Started GET "/searches?utf8=%E2%9C%93&basic_search%5Bkeywords%5D=&basic_search%5Bfields%5D%5B%5D=&basic_search%5Bconditions_attributes%5D%5B0%5D%5Battribute%5D=&basic_search%5Bconditions_attributes%5D%5B0%5D%5Boperator%5D=&basic_search%5Bconditions_attributes%5D%5B0%5D%5Btype%5D=&basic_search%5Bconditions_attributes%5D%5B0%5D%5Bvalue%5D=&basic_search%5Bconditions_attributes%5D%5B0%5D%5Bchoices%5D=&commit=Add+Condition&basic_search%5Bsort_by%5D=sort_name&basic_search%5Bper_page%5D=" for 127.0.0.1 at 2011-02-02 20:08:28 -0800
  Processing by SearchesController#index as HTML
  Parameters: {"utf8"=>"✓", "basic_search"=>{"keywords"=>"", "fields"=>[""], "conditions_attributes"=>{"0"=>{"attribute"=>"", "operator"=>"", "type"=>"", "value"=>"", "choices"=>""}}, "sort_by"=>"sort_name", "per_page"=>""}, "commit"=>"Add Condition"}
Rendered searches/index.html.haml within layouts/application (22.7ms)
Completed 200 OK in 53ms (Views: 25.8ms | ActiveRecord: 0.0ms)


Started GET "/searches?utf8=%E2%9C%93&basic_search%5Bkeywords%5D=&basic_search%5Bfields%5D%5B%5D=&basic_search%5Bconditions_attributes%5D%5B0%5D%5Battribute%5D=&basic_search%5Bconditions_attributes%5D%5B0%5D%5Boperator%5D=&basic_search%5Bconditions_attributes%5D%5B0%5D%5Btype%5D=&basic_search%5Bconditions_attributes%5D%5B0%5D%5Bvalue%5D=&basic_search%5Bconditions_attributes%5D%5B0%5D%5Bchoices%5D=&commit=Add+Condition&basic_search%5Bsort_by%5D=sort_name&basic_search%5Bper_page%5D=" for 127.0.0.1 at 2011-02-02 20:11:24 -0800
  Processing by SearchesController#index as HTML
  Parameters: {"utf8"=>"✓", "basic_search"=>{"keywords"=>"", "fields"=>[""], "conditions_attributes"=>{"0"=>{"attribute"=>"", "operator"=>"", "type"=>"", "value"=>"", "choices"=>""}}, "sort_by"=>"sort_name", "per_page"=>""}, "commit"=>"Add Condition"}
Rendered searches/index.html.haml within layouts/application (41.1ms)
Completed 200 OK in 51ms (Views: 44.1ms | ActiveRecord: 0.0ms)


Started GET "/searches?utf8=%E2%9C%93&basic_search%5Bkeywords%5D=&basic_search%5Bfields%5D%5B%5D=&basic_search%5Bconditions_attributes%5D%5B0%5D%5Battribute%5D=&basic_search%5Bconditions_attributes%5D%5B0%5D%5Boperator%5D=&basic_search%5Bconditions_attributes%5D%5B0%5D%5Btype%5D=&basic_search%5Bconditions_attributes%5D%5B0%5D%5Bvalue%5D=&basic_search%5Bconditions_attributes%5D%5B0%5D%5Bchoices%5D=&commit=Add+Condition&basic_search%5Bsort_by%5D=sort_name&basic_search%5Bper_page%5D=" for 127.0.0.1 at 2011-02-02 20:11:52 -0800
  Processing by SearchesController#index as HTML
  Parameters: {"utf8"=>"✓", "basic_search"=>{"keywords"=>"", "fields"=>[""], "conditions_attributes"=>{"0"=>{"attribute"=>"", "operator"=>"", "type"=>"", "value"=>"", "choices"=>""}}, "sort_by"=>"sort_name", "per_page"=>""}, "commit"=>"Add Condition"}
Rendered searches/index.html.haml within layouts/application (41.2ms)
Completed 200 OK in 51ms (Views: 44.2ms | ActiveRecord: 0.0ms)


Started GET "/searches?utf8=%E2%9C%93&basic_search%5Bkeywords%5D=&basic_search%5Bfields%5D%5B%5D=&basic_search%5Bconditions_attributes%5D%5B0%5D%5Battribute%5D=&basic_search%5Bconditions_attributes%5D%5B0%5D%5Boperator%5D=&basic_search%5Bconditions_attributes%5D%5B0%5D%5Btype%5D=&basic_search%5Bconditions_attributes%5D%5B0%5D%5Bvalue%5D=&basic_search%5Bconditions_attributes%5D%5B0%5D%5Bchoices%5D=&commit=Add+Condition&basic_search%5Bsort_by%5D=sort_name&basic_search%5Bper_page%5D=" for 127.0.0.1 at 2011-02-02 20:12:38 -0800
  Processing by SearchesController#index as HTML
  Parameters: {"utf8"=>"✓", "basic_search"=>{"keywords"=>"", "fields"=>[""], "conditions_attributes"=>{"0"=>{"attribute"=>"", "operator"=>"", "type"=>"", "value"=>"", "choices"=>""}}, "sort_by"=>"sort_name", "per_page"=>""}, "commit"=>"Add Condition"}
Rendered searches/index.html.haml within layouts/application (41.6ms)
Completed 200 OK in 52ms (Views: 44.6ms | ActiveRecord: 0.0ms)


Started GET "/" for 127.0.0.1 at 2011-02-02 20:12:51 -0800
  Processing by SearchesController#index as HTML
Rendered searches/index.html.haml within layouts/application (41.8ms)
Completed 200 OK in 52ms (Views: 44.8ms | ActiveRecord: 0.0ms)


Started GET "/" for 127.0.0.1 at 2011-02-02 20:14:17 -0800
  Processing by SearchesController#index as HTML
Rendered searches/index.html.haml within layouts/application (22.9ms)
Completed 200 OK in 33ms (Views: 25.9ms | ActiveRecord: 0.0ms)


Started GET "/" for 127.0.0.1 at 2011-02-02 20:14:48 -0800
  Processing by SearchesController#index as HTML
Rendered searches/index.html.haml within layouts/application (22.4ms)
Completed 200 OK in 33ms (Views: 25.6ms | ActiveRecord: 0.0ms)


Started GET "/" for 127.0.0.1 at 2011-02-02 20:15:53 -0800
  Processing by SearchesController#index as HTML
Rendered searches/index.html.haml within layouts/application (22.3ms)
Completed 200 OK in 33ms (Views: 25.4ms | ActiveRecord: 0.0ms)


Started GET "/" for 127.0.0.1 at 2011-02-02 20:22:57 -0800
  Processing by SearchesController#index as HTML
Completed   in 4ms

SyntaxError (/Users/adam/Projects/sunspot_search/examples/example_application/app/models/basic_search.rb:34: syntax error, unexpected tSTRING_BEG, expecting '}'
          'MiniTest' => 'mini_test'
           ^
/Users/adam/Projects/sunspot_search/examples/example_application/app/models/basic_search.rb:34: syntax error, unexpected tASSOC, expecting keyword_end
          'MiniTest' => 'mini_test'
                       ^
/Users/adam/Projects/sunspot_search/examples/example_application/app/models/basic_search.rb:35: syntax error, unexpected '}', expecting keyword_end
/Users/adam/Projects/sunspot_search/examples/example_application/app/models/basic_search.rb:95: syntax error, unexpected $end, expecting keyword_end):
  app/controllers/searches_controller.rb:3:in `index'

Rendered /Users/adam/.rvm/gems/ruby-1.9.2-p136@solar_search/gems/actionpack-3.0.3/lib/action_dispatch/middleware/templates/rescues/_trace.erb (0.8ms)
Rendered /Users/adam/.rvm/gems/ruby-1.9.2-p136@solar_search/gems/actionpack-3.0.3/lib/action_dispatch/middleware/templates/rescues/_request_and_response.erb (2.9ms)
Rendered /Users/adam/.rvm/gems/ruby-1.9.2-p136@solar_search/gems/actionpack-3.0.3/lib/action_dispatch/middleware/templates/rescues/diagnostics.erb within rescues/layout (6.6ms)


Started GET "/" for 127.0.0.1 at 2011-02-02 20:23:03 -0800
  Processing by SearchesController#index as HTML
Completed   in 12ms

NoMethodError (undefined method `option' for #<BasicSearch:0x000001039261d0>):
  app/models/basic_search.rb:83:in `block (2 levels) in configure_form'
  app/models/basic_search.rb:82:in `block in configure_form'
  app/models/basic_search.rb:5:in `configure_form'
  app/controllers/searches_controller.rb:3:in `new'
  app/controllers/searches_controller.rb:3:in `index'

Rendered /Users/adam/.rvm/gems/ruby-1.9.2-p136@solar_search/gems/actionpack-3.0.3/lib/action_dispatch/middleware/templates/rescues/_trace.erb (0.8ms)
Rendered /Users/adam/.rvm/gems/ruby-1.9.2-p136@solar_search/gems/actionpack-3.0.3/lib/action_dispatch/middleware/templates/rescues/_request_and_response.erb (2.6ms)
Rendered /Users/adam/.rvm/gems/ruby-1.9.2-p136@solar_search/gems/actionpack-3.0.3/lib/action_dispatch/middleware/templates/rescues/diagnostics.erb within rescues/layout (5.9ms)


Started GET "/" for 127.0.0.1 at 2011-02-02 20:23:34 -0800
  Processing by SearchesController#index as HTML
Rendered searches/index.html.haml within layouts/application (22.6ms)
Completed 200 OK in 33ms (Views: 25.5ms | ActiveRecord: 0.0ms)


Started GET "/" for 127.0.0.1 at 2011-02-02 20:24:06 -0800
  Processing by SearchesController#index as HTML
Rendered searches/index.html.haml within layouts/application (22.6ms)
Completed 200 OK in 33ms (Views: 25.5ms | ActiveRecord: 0.0ms)


Started GET "/" for 127.0.0.1 at 2011-02-02 20:24:29 -0800
  Processing by SearchesController#index as HTML
Rendered searches/index.html.haml within layouts/application (22.3ms)
Completed 200 OK in 52ms (Views: 25.2ms | ActiveRecord: 0.0ms)


Started GET "/" for 127.0.0.1 at 2011-02-02 20:25:25 -0800
  Processing by SearchesController#index as HTML
Rendered searches/index.html.haml within layouts/application (23.5ms)
Completed 200 OK in 54ms (Views: 26.6ms | ActiveRecord: 0.0ms)


Started GET "/" for 127.0.0.1 at 2011-02-02 20:26:37 -0800
  Processing by SearchesController#index as HTML
Rendered searches/index.html.haml within layouts/application (41.9ms)
Completed 200 OK in 53ms (Views: 45.1ms | ActiveRecord: 0.0ms)


Started GET "/" for 127.0.0.1 at 2011-02-02 20:27:30 -0800
  Processing by SearchesController#index as HTML
Rendered searches/index.html.haml within layouts/application (42.2ms)
Completed 200 OK in 53ms (Views: 45.3ms | ActiveRecord: 0.0ms)


Started GET "/" for 127.0.0.1 at 2011-02-02 20:29:34 -0800
  Processing by SearchesController#index as HTML
Rendered searches/index.html.haml within layouts/application (41.5ms)
Completed 200 OK in 52ms (Views: 44.5ms | ActiveRecord: 0.0ms)


Started GET "/" for 127.0.0.1 at 2011-02-02 20:29:56 -0800
  Processing by SearchesController#index as HTML
Rendered searches/index.html.haml within layouts/application (42.6ms)
Completed 200 OK in 53ms (Views: 45.8ms | ActiveRecord: 0.0ms)


Started GET "/" for 127.0.0.1 at 2011-02-02 20:30:56 -0800
  Processing by SearchesController#index as HTML
Rendered searches/index.html.haml within layouts/application (23.3ms)
Completed 200 OK in 34ms (Views: 26.4ms | ActiveRecord: 0.0ms)


Started GET "/searches/advanced" for 127.0.0.1 at 2011-02-02 20:42:15 -0800
  Processing by SearchesController#advanced as HTML
Rendered searches/index.html.haml within layouts/application (23.5ms)
Completed 200 OK in 34ms (Views: 26.4ms | ActiveRecord: 0.0ms)


Started GET "/searches/advanced" for 127.0.0.1 at 2011-02-02 20:42:36 -0800
  Processing by SearchesController#advanced as HTML
Rendered searches/index.html.haml within layouts/application (22.9ms)
Completed 200 OK in 33ms (Views: 25.8ms | ActiveRecord: 0.0ms)


Started GET "/searches/advanced" for 127.0.0.1 at 2011-02-02 20:44:44 -0800
  Processing by SearchesController#advanced as HTML
Rendered searches/index.html.haml within layouts/application (22.3ms)
Completed 200 OK in 33ms (Views: 25.4ms | ActiveRecord: 0.0ms)


Started GET "/searches/advanced" for 127.0.0.1 at 2011-02-02 20:47:14 -0800
  Processing by SearchesController#advanced as HTML
Rendered searches/index.html.haml within layouts/application (22.4ms)
Completed 200 OK in 52ms (Views: 25.4ms | ActiveRecord: 0.0ms)


Started GET "/searches/advanced" for 127.0.0.1 at 2011-02-02 20:48:55 -0800
  Processing by SearchesController#advanced as HTML
Rendered searches/index.html.haml within layouts/application (22.2ms)
Completed 200 OK in 51ms (Views: 25.2ms | ActiveRecord: 0.0ms)


Started GET "/searches/advanced" for 127.0.0.1 at 2011-02-02 20:50:06 -0800
  Processing by SearchesController#advanced as HTML
Rendered searches/index.html.haml within layouts/application (41.5ms)
Completed 200 OK in 52ms (Views: 44.4ms | ActiveRecord: 0.0ms)


Started GET "/searches/advanced" for 127.0.0.1 at 2011-02-02 20:51:14 -0800
  Processing by SearchesController#advanced as HTML
Rendered searches/index.html.haml within layouts/application (41.9ms)
Completed 200 OK in 52ms (Views: 45.0ms | ActiveRecord: 0.0ms)


Started GET "/searches/advanced" for 127.0.0.1 at 2011-02-02 20:51:54 -0800
  Processing by SearchesController#advanced as HTML
Rendered searches/index.html.haml within layouts/application (42.4ms)
Completed 200 OK in 53ms (Views: 45.3ms | ActiveRecord: 0.0ms)


Started GET "/searches/advanced" for 127.0.0.1 at 2011-02-02 20:52:39 -0800
  Processing by SearchesController#advanced as HTML
Rendered searches/index.html.haml within layouts/application (43.1ms)
Completed 200 OK in 55ms (Views: 46.4ms | ActiveRecord: 0.0ms)


Started GET "/searches/advanced" for 127.0.0.1 at 2011-02-02 20:53:21 -0800
  Processing by SearchesController#advanced as HTML
Rendered searches/advanced.html.haml within layouts/application (23.0ms)
Completed 200 OK in 33ms (Views: 26.3ms | ActiveRecord: 0.0ms)


Started GET "/searches/advanced" for 127.0.0.1 at 2011-02-02 20:53:53 -0800
  Processing by SearchesController#advanced as HTML
Rendered searches/advanced.html.haml within layouts/application (22.5ms)
Completed 200 OK in 32ms (Views: 25.5ms | ActiveRecord: 0.0ms)


Started GET "/searches/advanced" for 127.0.0.1 at 2011-02-02 20:54:22 -0800
  Processing by SearchesController#advanced as HTML
Rendered searches/advanced.html.haml within layouts/application (22.5ms)
Completed 200 OK in 33ms (Views: 25.5ms | ActiveRecord: 0.0ms)


Started GET "/searches/advanced" for 127.0.0.1 at 2011-02-02 20:55:49 -0800
  Processing by SearchesController#advanced as HTML
Rendered searches/advanced.html.haml within layouts/application (22.7ms)
Completed 200 OK in 53ms (Views: 25.7ms | ActiveRecord: 0.0ms)


Started GET "/searches/advanced" for 127.0.0.1 at 2011-02-02 20:56:15 -0800
  Processing by SearchesController#advanced as HTML
Rendered searches/advanced.html.haml within layouts/application (22.6ms)
Completed 200 OK in 53ms (Views: 25.6ms | ActiveRecord: 0.0ms)


Started GET "/searches/advanced" for 127.0.0.1 at 2011-02-02 20:58:52 -0800
  Processing by SearchesController#advanced as HTML
Rendered searches/advanced.html.haml within layouts/application (22.8ms)
Completed 200 OK in 52ms (Views: 26.0ms | ActiveRecord: 0.0ms)


Started GET "/searches/advanced" for 127.0.0.1 at 2011-02-02 21:00:37 -0800
  Processing by SearchesController#advanced as HTML
Rendered searches/advanced.html.haml within layouts/application (42.4ms)
Completed 200 OK in 53ms (Views: 45.4ms | ActiveRecord: 0.0ms)


Started GET "/searches/advanced" for 127.0.0.1 at 2011-02-02 21:00:44 -0800
  Processing by SearchesController#advanced as HTML
Rendered searches/advanced.html.haml within layouts/application (41.8ms)
Completed 200 OK in 52ms (Views: 44.9ms | ActiveRecord: 0.0ms)


Started GET "/searches/advanced" for 127.0.0.1 at 2011-02-02 21:00:55 -0800
  Processing by SearchesController#advanced as HTML
Rendered searches/advanced.html.haml within layouts/application (45.5ms)
Completed 200 OK in 56ms (Views: 48.7ms | ActiveRecord: 0.0ms)


Started GET "/searches/advanced" for 127.0.0.1 at 2011-02-02 21:01:24 -0800
  Processing by SearchesController#advanced as HTML
Rendered searches/advanced.html.haml within layouts/application (42.6ms)
Completed 200 OK in 53ms (Views: 46.0ms | ActiveRecord: 0.0ms)


Started GET "/searches/advanced" for 127.0.0.1 at 2011-02-02 21:01:44 -0800
  Processing by SearchesController#advanced as HTML
Rendered searches/advanced.html.haml within layouts/application (42.8ms)
Completed 200 OK in 54ms (Views: 45.9ms | ActiveRecord: 0.0ms)


Started GET "/searches/advanced" for 127.0.0.1 at 2011-02-02 21:02:37 -0800
  Processing by SearchesController#advanced as HTML
Rendered searches/advanced.html.haml within layouts/application (23.2ms)
Completed 200 OK in 34ms (Views: 26.2ms | ActiveRecord: 0.0ms)


Started GET "/searches/advanced" for 127.0.0.1 at 2011-02-02 21:03:04 -0800
  Processing by SearchesController#advanced as HTML
Rendered searches/advanced.html.haml within layouts/application (22.7ms)
Completed 200 OK in 33ms (Views: 26.0ms | ActiveRecord: 0.0ms)


Started GET "/searches/advanced" for 127.0.0.1 at 2011-02-02 21:04:32 -0800
  Processing by SearchesController#advanced as HTML
Rendered searches/advanced.html.haml within layouts/application (22.3ms)
Completed 200 OK in 33ms (Views: 25.3ms | ActiveRecord: 0.0ms)


Started GET "/searches/advanced" for 127.0.0.1 at 2011-02-02 21:06:54 -0800
  Processing by SearchesController#advanced as HTML
Rendered searches/advanced.html.haml within layouts/application (22.3ms)
Completed 200 OK in 52ms (Views: 25.4ms | ActiveRecord: 0.0ms)


Started GET "/" for 127.0.0.1 at 2011-02-02 21:07:04 -0800
  Processing by SearchesController#index as HTML
Rendered searches/index.html.haml within layouts/application (22.9ms)
Completed 200 OK in 53ms (Views: 26.1ms | ActiveRecord: 0.0ms)


Started GET "/" for 127.0.0.1 at 2011-02-02 21:12:06 -0800
  Processing by SearchesController#index as HTML
Rendered searches/index.html.haml within layouts/application (43.1ms)
Completed 200 OK in 54ms (Views: 46.3ms | ActiveRecord: 0.0ms)


Started GET "/searches/advanced" for 127.0.0.1 at 2011-02-02 21:12:09 -0800
  Processing by SearchesController#advanced as HTML
Rendered searches/advanced.html.haml within layouts/application (42.5ms)
Completed 200 OK in 53ms (Views: 45.5ms | ActiveRecord: 0.0ms)


Started GET "/searches/advanced" for 127.0.0.1 at 2011-02-02 21:48:42 -0800
  Processing by SearchesController#advanced as HTML
Rendered searches/advanced.html.haml within layouts/application (56.5ms)
Completed 200 OK in 78ms (Views: 59.4ms | ActiveRecord: 0.0ms)
